<?xml version="1.0" encoding="UTF-8"?>
<testng-results skipped="0" failed="0" ignored="0" total="1" passed="1">
  <reporter-output>
  </reporter-output>
  <suite name="Default suite" duration-ms="53112" started-at="2018-04-18T11:28:26Z" finished-at="2018-04-18T11:29:19Z">
    <groups>
    </groups>
    <test name="Default test" duration-ms="53112" started-at="2018-04-18T11:28:26Z" finished-at="2018-04-18T11:29:19Z">
      <class name="com.komoot.scripts.TestVerifyLandingPage">
        <test-method status="PASS" signature="setUp()[pri:0, instance:com.komoot.scripts.TestVerifyLandingPage@4e9ba398]" name="setUp" is-config="true" duration-ms="41220" started-at="2018-04-18T11:28:26Z" finished-at="2018-04-18T11:29:07Z">
          <reporter-output>
          </reporter-output>
        </test-method> <!-- setUp -->
        <test-method status="PASS" signature="verifyChangeSportsType1()[pri:0, instance:com.komoot.scripts.TestVerifyLandingPage@4e9ba398]" name="verifyChangeSportsType1" duration-ms="6599" started-at="2018-04-18T11:29:07Z" finished-at="2018-04-18T11:29:14Z">
          <reporter-output>
          </reporter-output>
        </test-method> <!-- verifyChangeSportsType1 -->
        <test-method status="PASS" signature="tearDown()[pri:0, instance:com.komoot.scripts.TestVerifyLandingPage@4e9ba398]" name="tearDown" is-config="true" duration-ms="5212" started-at="2018-04-18T11:29:14Z" finished-at="2018-04-18T11:29:19Z">
          <reporter-output>
          </reporter-output>
        </test-method> <!-- tearDown -->
      </class> <!-- com.komoot.scripts.TestVerifyLandingPage -->
    </test> <!-- Default test -->
  </suite> <!-- Default suite -->
</testng-results>
